#
# There is insufficient memory for the Java Runtime Environment to continue.
# Native memory allocation (malloc) failed to allocate 131088 bytes for Chunk::new
# Possible reasons:
#   The system is out of physical RAM or swap space
#   The process is running with CompressedOops enabled, and the Java Heap may be blocking the growth of the native heap
# Possible solutions:
#   Reduce memory load on the system
#   Increase physical memory or swap space
#   Check if swap backing store is full
#   Decrease Java heap size (-Xmx/-Xms)
#   Decrease number of Java threads
#   Decrease Java thread stack sizes (-Xss)
#   Set larger code cache with -XX:ReservedCodeCacheSize=
#   JVM is running with Unscaled Compressed Oops mode in which the Java heap is
#     placed in the first 4GB address space. The Java Heap base address is the
#     maximum limit for the native heap growth. Please use -XX:HeapBaseMinAddress
#     to set the Java Heap base and to place the Java Heap above 4GB virtual address.
# This output file may be truncated or incomplete.
#
#  Out of Memory Error (allocation.cpp:390), pid=10452, tid=0x00000000000012b0
#
# JRE version: Java(TM) SE Runtime Environment (8.0_192-b12) (build 1.8.0_192-b12)
# Java VM: Java HotSpot(TM) 64-Bit Server VM (25.192-b12 mixed mode windows-amd64 compressed oops)
# Failed to write core dump. Minidumps are not enabled by default on client versions of Windows
#

---------------  T H R E A D  ---------------

Current thread (0x0000000056e66800):  JavaThread "C2 CompilerThread1" daemon [_thread_in_native, id=4784, stack(0x00000000576d0000,0x00000000577d0000)]

Stack: [0x00000000576d0000,0x00000000577d0000]
[error occurred during error reporting (printing stack bounds), id 0xc0000005]

Native frames: (J=compiled Java code, j=interpreted, Vv=VM code, C=native code)


Current CompileTask:
C2:  25968 3165       4       java.net.URLClassLoader$1::run (5 bytes)


---------------  P R O C E S S  ---------------

Java Threads: ( => current thread )
  0x0000000056ede800 JavaThread "Service Thread" daemon [_thread_blocked, id=704, stack(0x0000000057850000,0x0000000057950000)]
  0x0000000056e6f800 JavaThread "C1 CompilerThread2" daemon [_thread_blocked, id=17424, stack(0x00000000575d0000,0x00000000576d0000)]
=>0x0000000056e66800 JavaThread "C2 CompilerThread1" daemon [_thread_in_native, id=4784, stack(0x00000000576d0000,0x00000000577d0000)]
  0x0000000056e65000 JavaThread "C2 CompilerThread0" daemon [_thread_in_native, id=16952, stack(0x00000000574d0000,0x00000000575d0000)]
  0x0000000056e63800 JavaThread "Monitor Ctrl-Break" daemon [_thread_in_native, id=9360, stack(0x0000000057340000,0x0000000057440000)]
  0x0000000056e28800 JavaThread "Attach Listener" daemon [_thread_blocked, id=18096, stack(0x0000000006fc0000,0x00000000070c0000)]
  0x0000000005e22000 JavaThread "Signal Dispatcher" daemon [_thread_blocked, id=8868, stack(0x0000000007460000,0x0000000007560000)]
  0x0000000005e0c800 JavaThread "Finalizer" daemon [_thread_blocked, id=16632, stack(0x00000000072a0000,0x00000000073a0000)]
  0x0000000005e05800 JavaThread "Reference Handler" daemon [_thread_blocked, id=12860, stack(0x0000000007140000,0x0000000007240000)]
  0x0000000001f2f000 JavaThread "main" [_thread_in_vm, id=16584, stack(0x0000000002770000,0x0000000002870000)]

Other Threads:
  0x0000000005dbe000 VMThread [stack: 0x0000000006e90000,0x0000000006f90000] [id=17880]
  0x0000000056ee4800 WatcherThread [stack: 0x0000000057ae0000,0x0000000057be0000] [id=17336]

VM state:not at safepoint (normal execution)

VM Mutex/Monitor currently owned by a thread: None

heap address: 0x00000000c4e00000, size: 946 MB, Compressed Oops mode: 32-bit
Narrow klass base: 0x0000000000000000, Narrow klass shift: 0
Compressed class space size: 1073741824 Address: 0x0000000016e20000

Heap:
 PSYoungGen      total 68608K, used 24302K [0x00000000ec500000, 0x00000000f4f00000, 0x0000000100000000)
  eden space 61440K, 27% used [0x00000000ec500000,0x00000000ed5c38a8,0x00000000f0100000)
  from space 7168K, 99% used [0x00000000f0100000,0x00000000f07f8020,0x00000000f0800000)
  to   space 9216K, 0% used [0x00000000f4600000,0x00000000f4600000,0x00000000f4f00000)
 ParOldGen       total 40960K, used 10881K [0x00000000c4e00000, 0x00000000c7600000, 0x00000000ec500000)
  object space 40960K, 26% used [0x00000000c4e00000,0x00000000c58a0518,0x00000000c7600000)
 Metaspace       used 17826K, capacity 18354K, committed 18432K, reserved 1064960K
  class space    used 2152K, capacity 2304K, committed 2304K, reserved 1048576K

Card table byte_map: [0x0000000002c30000,0x0000000002e10000] byte_map_base: 0x0000000002609000

Marking Bits: (ParMarkBitMap*) 0x0000000007d93ce0
 Begin Bits: [0x00000000034c0000, 0x0000000004388000)
 End Bits:   [0x0000000004388000, 0x0000000005250000)

Polling page: 0x00000000000c0000

CodeCache: size=245760Kb used=10723Kb max_used=10724Kb free=235036Kb
 bounds [0x0000000007e20000, 0x00000000088b0000, 0x0000000016e20000]
 total_blobs=3427 nmethods=3072 adapters=267
 compilation: enabled

Compilation events (10 events):
Event: 25.858 Thread 0x0000000056e6f800 nmethod 3163 0x0000000008080690 code [0x0000000008080840, 0x0000000008080d58]
Event: 25.861 Thread 0x0000000056e6f800 3164       3       java.util.jar.JarFile::getManifestFromReference (117 bytes)
Event: 25.862 Thread 0x0000000056e6f800 nmethod 3164 0x000000000807f250 code [0x000000000807f480, 0x00000000080800f8]
Event: 25.864 Thread 0x0000000056e66800 3165       4       java.net.URLClassLoader$1::run (5 bytes)
Event: 25.865 Thread 0x0000000056e6f800 3166       3       org.eclipse.sisu.wire.ElementAnalyzer::visit (9 bytes)
Event: 25.866 Thread 0x0000000056e6f800 nmethod 3166 0x000000000807ee50 code [0x000000000807efc0, 0x000000000807f1c8]
Event: 25.866 Thread 0x0000000056e6f800 3167       3       org.eclipse.sisu.wire.ElementAnalyzer::visit (140 bytes)
Event: 25.867 Thread 0x0000000056e6f800 nmethod 3167 0x000000000889f150 code [0x000000000889f380, 0x00000000088a00a8]
Event: 25.870 Thread 0x0000000056e65000 3168       4       java.lang.String::contains (20 bytes)
Event: 25.871 Thread 0x0000000056e65000 nmethod 3168 0x00000000088a3290 code [0x00000000088a33e0, 0x00000000088a35b8]

GC Heap History (10 events):
Event: 5.531 GC heap before
{Heap before GC invocations=3 (full 0):
 PSYoungGen      total 17920K, used 17888K [0x00000000ec500000, 0x00000000ee800000, 0x0000000100000000)
  eden space 15360K, 100% used [0x00000000ec500000,0x00000000ed400000,0x00000000ed400000)
  from space 2560K, 98% used [0x00000000ed680000,0x00000000ed8f8110,0x00000000ed900000)
  to   space 2560K, 0% used [0x00000000ed400000,0x00000000ed400000,0x00000000ed680000)
 ParOldGen       total 40960K, used 1195K [0x00000000c4e00000, 0x00000000c7600000, 0x00000000ec500000)
  object space 40960K, 2% used [0x00000000c4e00000,0x00000000c4f2af10,0x00000000c7600000)
 Metaspace       used 9245K, capacity 9436K, committed 9728K, reserved 1058816K
  class space    used 1144K, capacity 1186K, committed 1280K, reserved 1048576K
Event: 5.537 GC heap after
Heap after GC invocations=3 (full 0):
 PSYoungGen      total 17920K, used 2536K [0x00000000ec500000, 0x00000000ee800000, 0x0000000100000000)
  eden space 15360K, 0% used [0x00000000ec500000,0x00000000ec500000,0x00000000ed400000)
  from space 2560K, 99% used [0x00000000ed400000,0x00000000ed67a020,0x00000000ed680000)
  to   space 2560K, 0% used [0x00000000ee580000,0x00000000ee580000,0x00000000ee800000)
 ParOldGen       total 40960K, used 2527K [0x00000000c4e00000, 0x00000000c7600000, 0x00000000ec500000)
  object space 40960K, 6% used [0x00000000c4e00000,0x00000000c5077e98,0x00000000c7600000)
 Metaspace       used 9245K, capacity 9436K, committed 9728K, reserved 1058816K
  class space    used 1144K, capacity 1186K, committed 1280K, reserved 1048576K
}
Event: 6.138 GC heap before
{Heap before GC invocations=4 (full 0):
 PSYoungGen      total 17920K, used 17896K [0x00000000ec500000, 0x00000000ee800000, 0x0000000100000000)
  eden space 15360K, 100% used [0x00000000ec500000,0x00000000ed400000,0x00000000ed400000)
  from space 2560K, 99% used [0x00000000ed400000,0x00000000ed67a020,0x00000000ed680000)
  to   space 2560K, 0% used [0x00000000ee580000,0x00000000ee580000,0x00000000ee800000)
 ParOldGen       total 40960K, used 2527K [0x00000000c4e00000, 0x00000000c7600000, 0x00000000ec500000)
  object space 40960K, 6% used [0x00000000c4e00000,0x00000000c5077e98,0x00000000c7600000)
 Metaspace       used 11037K, capacity 11306K, committed 11520K, reserved 1058816K
  class space    used 1378K, capacity 1447K, committed 1536K, reserved 1048576K
Event: 6.188 GC heap after
Heap after GC invocations=4 (full 0):
 PSYoungGen      total 33280K, used 2552K [0x00000000ec500000, 0x00000000ee800000, 0x0000000100000000)
  eden space 30720K, 0% used [0x00000000ec500000,0x00000000ec500000,0x00000000ee300000)
  from space 2560K, 99% used [0x00000000ee580000,0x00000000ee7fe010,0x00000000ee800000)
  to   space 2560K, 0% used [0x00000000ee300000,0x00000000ee300000,0x00000000ee580000)
 ParOldGen       total 40960K, used 4593K [0x00000000c4e00000, 0x00000000c7600000, 0x00000000ec500000)
  object space 40960K, 11% used [0x00000000c4e00000,0x00000000c527c490,0x00000000c7600000)
 Metaspace       used 11037K, capacity 11306K, committed 11520K, reserved 1058816K
  class space    used 1378K, capacity 1447K, committed 1536K, reserved 1048576K
}
Event: 10.158 GC heap before
{Heap before GC invocations=5 (full 0):
 PSYoungGen      total 33280K, used 33272K [0x00000000ec500000, 0x00000000ee800000, 0x0000000100000000)
  eden space 30720K, 100% used [0x00000000ec500000,0x00000000ee300000,0x00000000ee300000)
  from space 2560K, 99% used [0x00000000ee580000,0x00000000ee7fe010,0x00000000ee800000)
  to   space 2560K, 0% used [0x00000000ee300000,0x00000000ee300000,0x00000000ee580000)
 ParOldGen       total 40960K, used 4593K [0x00000000c4e00000, 0x00000000c7600000, 0x00000000ec500000)
  object space 40960K, 11% used [0x00000000c4e00000,0x00000000c527c490,0x00000000c7600000)
 Metaspace       used 14897K, capacity 15190K, committed 15360K, reserved 1062912K
  class space    used 1842K, capacity 1939K, committed 2048K, reserved 1048576K
Event: 10.210 GC heap after
Heap after GC invocations=5 (full 0):
 PSYoungGen      total 33280K, used 2552K [0x00000000ec500000, 0x00000000f0f00000, 0x0000000100000000)
  eden space 30720K, 0% used [0x00000000ec500000,0x00000000ec500000,0x00000000ee300000)
  from space 2560K, 99% used [0x00000000ee300000,0x00000000ee57e030,0x00000000ee580000)
  to   space 7168K, 0% used [0x00000000f0800000,0x00000000f0800000,0x00000000f0f00000)
 ParOldGen       total 40960K, used 9382K [0x00000000c4e00000, 0x00000000c7600000, 0x00000000ec500000)
  object space 40960K, 22% used [0x00000000c4e00000,0x00000000c57298f0,0x00000000c7600000)
 Metaspace       used 14897K, capacity 15190K, committed 15360K, reserved 1062912K
  class space    used 1842K, capacity 1939K, committed 2048K, reserved 1048576K
}
Event: 17.094 GC heap before
{Heap before GC invocations=6 (full 0):
 PSYoungGen      total 33280K, used 33272K [0x00000000ec500000, 0x00000000f0f00000, 0x0000000100000000)
  eden space 30720K, 100% used [0x00000000ec500000,0x00000000ee300000,0x00000000ee300000)
  from space 2560K, 99% used [0x00000000ee300000,0x00000000ee57e030,0x00000000ee580000)
  to   space 7168K, 0% used [0x00000000f0800000,0x00000000f0800000,0x00000000f0f00000)
 ParOldGen       total 40960K, used 9382K [0x00000000c4e00000, 0x00000000c7600000, 0x00000000ec500000)
  object space 40960K, 22% used [0x00000000c4e00000,0x00000000c57298f0,0x00000000c7600000)
 Metaspace       used 15731K, capacity 16108K, committed 16384K, reserved 1062912K
  class space    used 1926K, capacity 2048K, committed 2048K, reserved 1048576K
Event: 17.129 GC heap after
Heap after GC invocations=6 (full 0):
 PSYoungGen      total 68608K, used 5340K [0x00000000ec500000, 0x00000000f0f00000, 0x0000000100000000)
  eden space 61440K, 0% used [0x00000000ec500000,0x00000000ec500000,0x00000000f0100000)
  from space 7168K, 74% used [0x00000000f0800000,0x00000000f0d37078,0x00000000f0f00000)
  to   space 7168K, 0% used [0x00000000f0100000,0x00000000f0100000,0x00000000f0800000)
 ParOldGen       total 40960K, used 9390K [0x00000000c4e00000, 0x00000000c7600000, 0x00000000ec500000)
  object space 40960K, 22% used [0x00000000c4e00000,0x00000000c572b8f0,0x00000000c7600000)
 Metaspace       used 15731K, capacity 16108K, committed 16384K, reserved 1062912K
  class space    used 1926K, capacity 2048K, committed 2048K, reserved 1048576K
}
Event: 22.805 GC heap before
{Heap before GC invocations=7 (full 0):
 PSYoungGen      total 68608K, used 66780K [0x00000000ec500000, 0x00000000f0f00000, 0x0000000100000000)
  eden space 61440K, 100% used [0x00000000ec500000,0x00000000f0100000,0x00000000f0100000)
  from space 7168K, 74% used [0x00000000f0800000,0x00000000f0d37078,0x00000000f0f00000)
  to   space 7168K, 0% used [0x00000000f0100000,0x00000000f0100000,0x00000000f0800000)
 ParOldGen       total 40960K, used 9390K [0x00000000c4e00000, 0x00000000c7600000, 0x00000000ec500000)
  object space 40960K, 22% used [0x00000000c4e00000,0x00000000c572b8f0,0x00000000c7600000)
 Metaspace       used 16881K, capacity 17330K, committed 17536K, reserved 1064960K
  class space    used 2005K, capacity 2128K, committed 2176K, reserved 1048576K
Event: 22.922 GC heap after
Heap after GC invocations=7 (full 0):
 PSYoungGen      total 68608K, used 7136K [0x00000000ec500000, 0x00000000f4f00000, 0x0000000100000000)
  eden space 61440K, 0% used [0x00000000ec500000,0x00000000ec500000,0x00000000f0100000)
  from space 7168K, 99% used [0x00000000f0100000,0x00000000f07f8020,0x00000000f0800000)
  to   space 9216K, 0% used [0x00000000f4600000,0x00000000f4600000,0x00000000f4f00000)
 ParOldGen       total 40960K, used 10881K [0x00000000c4e00000, 0x00000000c7600000, 0x00000000ec500000)
  object space 40960K, 26% used [0x00000000c4e00000,0x00000000c58a0518,0x00000000c7600000)
 Metaspace       used 16881K, capacity 17330K, committed 17536K, reserved 1064960K
  class space    used 2005K, capacity 2128K, committed 2176K, reserved 1048576K
}

Deoptimization events (10 events):
Event: 21.469 Thread 0x0000000001f2f000 Uncommon trap: reason=speculate_class_check action=maybe_recompile pc=0x0000000008498428 method=java.nio.charset.CharsetDecoder.decode(Ljava/nio/ByteBuffer;Ljava/nio/CharBuffer;Z)Ljava/nio/charset/CoderResult; @ 57
Event: 21.668 Thread 0x0000000001f2f000 Uncommon trap: reason=bimorphic action=maybe_recompile pc=0x00000000083ccfbc method=java.util.regex.Pattern$CharProperty.match(Ljava/util/regex/Matcher;ILjava/lang/CharSequence;)Z @ 37
Event: 22.105 Thread 0x0000000001f2f000 Uncommon trap: reason=unstable_if action=reinterpret pc=0x00000000087605a4 method=org.apache.maven.model.merge.ModelMerger.mergePlugin_GroupId(Lorg/apache/maven/model/Plugin;Lorg/apache/maven/model/Plugin;ZLjava/util/Map;)V @ 12
Event: 22.589 Thread 0x0000000001f2f000 Uncommon trap: reason=unstable_if action=reinterpret pc=0x000000000850ff9c method=org.codehaus.plexus.util.xml.pull.MXParser.parseAttribute()C @ 1002
Event: 22.712 Thread 0x0000000001f2f000 Uncommon trap: reason=speculate_class_check action=maybe_recompile pc=0x00000000088239c8 method=java.nio.charset.CharsetDecoder.decode(Ljava/nio/ByteBuffer;Ljava/nio/CharBuffer;Z)Ljava/nio/charset/CoderResult; @ 57
Event: 22.713 Thread 0x0000000001f2f000 Uncommon trap: reason=speculate_class_check action=maybe_recompile pc=0x00000000088239c8 method=java.nio.charset.CharsetDecoder.decode(Ljava/nio/ByteBuffer;Ljava/nio/CharBuffer;Z)Ljava/nio/charset/CoderResult; @ 57
Event: 22.747 Thread 0x0000000001f2f000 Uncommon trap: reason=unstable_if action=reinterpret pc=0x0000000008707834 method=java.lang.String.regionMatches(ZILjava/lang/String;II)Z @ 25
Event: 24.390 Thread 0x0000000001f2f000 Uncommon trap: reason=unstable_if action=reinterpret pc=0x000000000874a030 method=java.nio.charset.CharsetDecoder.decode(Ljava/nio/ByteBuffer;Ljava/nio/CharBuffer;Z)Ljava/nio/charset/CoderResult; @ 1
Event: 25.184 Thread 0x0000000001f2f000 Uncommon trap: reason=unstable_if action=reinterpret pc=0x000000000804341c method=java.util.jar.Attributes$Name.isAlpha(C)Z @ 21
Event: 25.546 Thread 0x0000000001f2f000 Uncommon trap: reason=unstable_if action=reinterpret pc=0x0000000007fe8ce4 method=sun.misc.URLClassPath$JarLoader.getResource(Ljava/lang/String;Z)Lsun/misc/Resource; @ 62

Classes redefined (0 events):
No events

Internal exceptions (10 events):
Event: 5.112 Thread 0x0000000001f2f000 Exception <a 'java/lang/ArrayIndexOutOfBoundsException': 73> (0x00000000ec977ae8) thrown at [C:\workspace\8-2-build-windows-amd64-cygwin\jdk8u192\11897\hotspot\src\share\vm\interpreter\interpreterRuntime.cpp, line 368]
Event: 5.112 Thread 0x0000000001f2f000 Exception <a 'java/lang/ArrayIndexOutOfBoundsException': 131> (0x00000000ec979490) thrown at [C:\workspace\8-2-build-windows-amd64-cygwin\jdk8u192\11897\hotspot\src\share\vm\interpreter\interpreterRuntime.cpp, line 368]
Event: 7.134 Thread 0x0000000001f2f000 Exception <a 'java/lang/NoClassDefFoundError': com/google/inject/servlet/ServletModuleTargetVisitor> (0x00000000ed25b6c8) thrown at [C:\workspace\8-2-build-windows-amd64-cygwin\jdk8u192\11897\hotspot\src\share\vm\classfile\systemDictionary.cpp, line 199]
Event: 7.134 Thread 0x0000000001f2f000 Exception <a 'java/lang/NoClassDefFoundError'> (0x00000000ed25b6c8) thrown at [C:\workspace\8-2-build-windows-amd64-cygwin\jdk8u192\11897\hotspot\src\share\vm\prims\jvm.cpp, line 1439]
Event: 7.135 Thread 0x0000000001f2f000 Exception <a 'java/lang/NoClassDefFoundError': javax/annotation/Priority> (0x00000000ed260730) thrown at [C:\workspace\8-2-build-windows-amd64-cygwin\jdk8u192\11897\hotspot\src\share\vm\classfile\systemDictionary.cpp, line 199]
Event: 8.144 Thread 0x0000000001f2f000 Implicit null exception at 0x0000000007fcb38b to 0x0000000007fcb535
Event: 9.877 Thread 0x0000000001f2f000 Implicit null exception at 0x00000000080cba85 to 0x00000000080cbc59
Event: 9.877 Thread 0x0000000001f2f000 Implicit null exception at 0x00000000080ea6af to 0x00000000080ea715
Event: 10.122 Thread 0x0000000001f2f000 Implicit null exception at 0x000000000839bca7 to 0x000000000839bef1
Event: 21.105 Thread 0x0000000001f2f000 Implicit null exception at 0x000000000865b165 to 0x000000000865c2d9

Events (10 events):
Event: 25.904 loading class java/util/zip/DeflaterOutputStream done
Event: 25.904 loading class java/util/zip/GZIPOutputStream done
Event: 25.904 loading class org/apache/commons/compress/compressors/bzip2/BZip2CompressorOutputStream
Event: 25.904 loading class org/apache/commons/compress/compressors/bzip2/BZip2CompressorOutputStream done
Event: 25.904 loading class org/apache/commons/compress/compressors/bzip2/BZip2CompressorOutputStream
Event: 25.904 loading class org/apache/commons/compress/compressors/bzip2/BZip2CompressorOutputStream done
Event: 25.917 loading class org/apache/commons/compress/compressors/CompressorOutputStream
Event: 25.917 loading class org/apache/commons/compress/compressors/CompressorOutputStream done
Event: 25.917 loading class org/apache/commons/compress/compressors/CompressorOutputStream
Event: 25.917 loading class org/apache/commons/compress/compressors/CompressorOutputStream done


Dynamic libraries:
0x000000013fb30000 - 0x000000013fb67000 	D:\Program Files\Java\jdk1.8.0_192\bin\java.exe
0x0000000077980000 - 0x0000000077b1f000 	C:\windows\SYSTEM32\ntdll.dll
0x0000000077860000 - 0x000000007797f000 	C:\windows\system32\kernel32.dll
0x000007fefd4f0000 - 0x000007fefd55a000 	C:\windows\system32\KERNELBASE.dll
0x000007feff9b0000 - 0x000007feffa8b000 	C:\windows\system32\ADVAPI32.dll
0x000007feff400000 - 0x000007feff49f000 	C:\windows\system32\msvcrt.dll
0x000007fefda50000 - 0x000007fefda6f000 	C:\windows\SYSTEM32\sechost.dll
0x000007fefe4c0000 - 0x000007fefe5ed000 	C:\windows\system32\RPCRT4.dll
0x0000000077760000 - 0x000000007785a000 	C:\windows\system32\USER32.dll
0x000007feffc00000 - 0x000007feffc67000 	C:\windows\system32\GDI32.dll
0x000007feff4a0000 - 0x000007feff4ae000 	C:\windows\system32\LPK.dll
0x000007feffa90000 - 0x000007feffb5b000 	C:\windows\system32\USP10.dll
0x000007fefbe30000 - 0x000007fefc024000 	C:\windows\WinSxS\amd64_microsoft.windows.common-controls_6595b64144ccf1df_6.0.7601.18837_none_fa3b1e3d17594757\COMCTL32.dll
0x000007feff930000 - 0x000007feff9a1000 	C:\windows\system32\SHLWAPI.dll
0x000007feff900000 - 0x000007feff92e000 	C:\windows\system32\IMM32.DLL
0x000007fefdaf0000 - 0x000007fefdbf9000 	C:\windows\system32\MSCTF.dll
0x0000000063000000 - 0x00000000630d1000 	D:\Program Files\Java\jdk1.8.0_192\jre\bin\msvcr100.dll
0x0000000007570000 - 0x0000000007e13000 	D:\Program Files\Java\jdk1.8.0_192\jre\bin\server\jvm.dll
0x000007fef78f0000 - 0x000007fef78f9000 	C:\windows\system32\WSOCK32.dll
0x000007fefd870000 - 0x000007fefd8bd000 	C:\windows\system32\WS2_32.dll
0x000007fefe0d0000 - 0x000007fefe0d8000 	C:\windows\system32\NSI.dll
0x000007fefafa0000 - 0x000007fefafdb000 	C:\windows\system32\WINMM.dll
0x000007fefc510000 - 0x000007fefc51c000 	C:\windows\system32\VERSION.dll
0x0000000077b20000 - 0x0000000077b27000 	C:\windows\system32\PSAPI.DLL
0x000007fef5cb0000 - 0x000007fef5cbf000 	D:\Program Files\Java\jdk1.8.0_192\jre\bin\verify.dll
0x000007feee1c0000 - 0x000007feee1e9000 	D:\Program Files\Java\jdk1.8.0_192\jre\bin\java.dll
0x000007feebd80000 - 0x000007feebda3000 	D:\Program Files\Java\jdk1.8.0_192\jre\bin\instrument.dll
0x000007feee1a0000 - 0x000007feee1b6000 	D:\Program Files\Java\jdk1.8.0_192\jre\bin\zip.dll
0x000007fefe670000 - 0x000007feff3fa000 	C:\windows\system32\SHELL32.dll
0x000007fefe0e0000 - 0x000007fefe2df000 	C:\windows\system32\ole32.dll
0x000007fefd4b0000 - 0x000007fefd4bf000 	C:\windows\system32\profapi.dll
0x000007feedaf0000 - 0x000007feedb0a000 	C:\Users\v_lvjichao\AppData\Local\JetBrains\Toolbox\apps\IDEA-U\ch-0\183.5153.38\bin\breakgen64.dll
0x000007feee180000 - 0x000007feee19a000 	D:\Program Files\Java\jdk1.8.0_192\jre\bin\net.dll
0x000007fefcc80000 - 0x000007fefccd5000 	C:\windows\system32\mswsock.dll
0x000007fefcc70000 - 0x000007fefcc77000 	C:\windows\System32\wship6.dll
0x000007feee140000 - 0x000007feee151000 	D:\Program Files\Java\jdk1.8.0_192\jre\bin\nio.dll

VM Arguments:
jvm_args: -Dmaven.multiModuleProjectDirectory=C:\Users\v_lvjichao\IdeaProjects\hotel -Dmaven.home=C:\Users\v_lvjichao\AppData\Local\JetBrains\Toolbox\apps\IDEA-U\ch-0\183.5153.38\plugins\maven\lib\maven3 -Dclassworlds.conf=C:\Users\v_lvjichao\AppData\Local\JetBrains\Toolbox\apps\IDEA-U\ch-0\183.5153.38\plugins\maven\lib\maven3\bin\m2.conf -javaagent:C:\Users\v_lvjichao\AppData\Local\JetBrains\Toolbox\apps\IDEA-U\ch-0\183.5153.38\lib\idea_rt.jar=49547:C:\Users\v_lvjichao\AppData\Local\JetBrains\Toolbox\apps\IDEA-U\ch-0\183.5153.38\bin -Dfile.encoding=UTF-8 
java_command: org.codehaus.classworlds.Launcher -Didea.version=2018.3.3 install
java_class_path (initial): C:\Users\v_lvjichao\AppData\Local\JetBrains\Toolbox\apps\IDEA-U\ch-0\183.5153.38\plugins\maven\lib\maven3\boot\plexus-classworlds-2.5.2.jar;C:\Users\v_lvjichao\AppData\Local\JetBrains\Toolbox\apps\IDEA-U\ch-0\183.5153.38\lib\idea_rt.jar
Launcher Type: SUN_STANDARD

Environment Variables:
JAVA_HOME=D:\Program Files\Java\jdk-10.0.1
PATH=D:\Program Files\gradle-5.0\bin;D:\Program Files\spring-2.1.1\bin;C:\ProgramData\Boxstarter;C:\Program Files (x86)\Common Files\Oracle\Java\javapath;D:\Program Files\Java\jdk-10.0.1\bin;D:\Program Files\Python\Scripts\;D:\Program Files\Python\;C:\ProgramData\Oracle\Java\javapath;C:\windows\system32;C:\windows;C:\windows\System32\Wbem;C:\windows\System32\WindowsPowerShell\v1.0\;D:\Program Files\apache-maven-3.5.4\bin;D:\Program Files\android-sdk-windows\tools;D:\Program Files\android-sdk-windows\platform-tools;D:\Program Files (x86)\Appium\node_modules\.bin;C:\Program Files\Lenovo\Fingerprint Manager Pro\;D:\Program Files\android-sdk-windows\build-tools\19.1.0;D:\Program Files\apache-ant-1.10.5\bin;C:\Program Files\Intel\WiFi\bin\;C:\Program Files\Common Files\Intel\WirelessCommon\;C:\ProgramData\chocolatey\bin;D:\Program Files\nodejs\;D:\Program Files\Git\cmd;D:\Program Files\apache-tomcat-9.0.14\bin;D:\Program Files\Fiddler;C:\Program Files\Intel\WiFi\bin\;C:\Program Files\Common Files\Intel\WirelessCommon\;C:\Users\v_lvjichao\AppData\Roaming\npm
USERNAME=v_lvjichao
OS=Windows_NT
PROCESSOR_IDENTIFIER=Intel64 Family 6 Model 69 Stepping 1, GenuineIntel



---------------  S Y S T E M  ---------------

OS: Windows 7 , 64 bit Build 7601 (6.1.7601.24291)

CPU:total 4 (initial active 4) (2 cores per cpu, 2 threads per core) family 6 model 69 stepping 1, cmov, cx8, fxsr, mmx, sse, sse2, sse3, ssse3, sse4.1, sse4.2, popcnt, avx, avx2, aes, clmul, erms, rtm, lzcnt, ht, tsc, tscinvbit, bmi1, bmi2

Memory: 4k page, physical 3874624k(79200k free), swap 15496592k(3048k free)

vm_info: Java HotSpot(TM) 64-Bit Server VM (25.192-b12) for windows-amd64 JRE (1.8.0_192-b12), built on Oct  6 2018 17:12:23 by "java_re" with MS VC++ 10.0 (VS2010)

time: Wed Jan 16 18:15:48 2019
timezone: 中国标准时间
elapsed time: 26 seconds (0d 0h 0m 26s)

