#
# There is insufficient memory for the Java Runtime Environment to continue.
# Native memory allocation (malloc) failed to allocate 65552 bytes for Chunk::new
# Possible reasons:
#   The system is out of physical RAM or swap space
#   The process is running with CompressedOops enabled, and the Java Heap may be blocking the growth of the native heap
# Possible solutions:
#   Reduce memory load on the system
#   Increase physical memory or swap space
#   Check if swap backing store is full
#   Decrease Java heap size (-Xmx/-Xms)
#   Decrease number of Java threads
#   Decrease Java thread stack sizes (-Xss)
#   Set larger code cache with -XX:ReservedCodeCacheSize=
#   JVM is running with Unscaled Compressed Oops mode in which the Java heap is
#     placed in the first 4GB address space. The Java Heap base address is the
#     maximum limit for the native heap growth. Please use -XX:HeapBaseMinAddress
#     to set the Java Heap base and to place the Java Heap above 4GB virtual address.
# This output file may be truncated or incomplete.
#
#  Out of Memory Error (allocation.cpp:390), pid=6296, tid=0x0000000000002dfc
#
# JRE version: Java(TM) SE Runtime Environment (8.0_192-b12) (build 1.8.0_192-b12)
# Java VM: Java HotSpot(TM) 64-Bit Server VM (25.192-b12 mixed mode windows-amd64 compressed oops)
# Failed to write core dump. Minidumps are not enabled by default on client versions of Windows
#

---------------  T H R E A D  ---------------

Current thread (0x0000000056e67000):  JavaThread "C2 CompilerThread0" daemon [_thread_in_native, id=11772, stack(0x00000000575d0000,0x00000000576d0000)]

Stack: [0x00000000575d0000,0x00000000576d0000]
[error occurred during error reporting (printing stack bounds), id 0xc0000005]

Native frames: (J=compiled Java code, j=interpreted, Vv=VM code, C=native code)


Current CompileTask:
C2:  25248 3029       4       org.apache.maven.model.inheritance.DefaultInheritanceAssembler$InheritanceModelMerger::mergePluginContainer_Plugins (430 bytes)


---------------  P R O C E S S  ---------------

Java Threads: ( => current thread )
  0x0000000056ee6800 JavaThread "Service Thread" daemon [_thread_blocked, id=6864, stack(0x0000000057ad0000,0x0000000057bd0000)]
  0x0000000056e72000 JavaThread "C1 CompilerThread2" daemon [_thread_blocked, id=14884, stack(0x0000000057990000,0x0000000057a90000)]
  0x0000000056e68000 JavaThread "C2 CompilerThread1" daemon [_thread_blocked, id=14596, stack(0x0000000057770000,0x0000000057870000)]
=>0x0000000056e67000 JavaThread "C2 CompilerThread0" daemon [_thread_in_native, id=11772, stack(0x00000000575d0000,0x00000000576d0000)]
  0x0000000056e65800 JavaThread "Monitor Ctrl-Break" daemon [_thread_in_native, id=18092, stack(0x00000000574d0000,0x00000000575d0000)]
  0x0000000056e2a800 JavaThread "Attach Listener" daemon [_thread_blocked, id=13636, stack(0x00000000573a0000,0x00000000574a0000)]
  0x0000000006022000 JavaThread "Signal Dispatcher" daemon [_thread_blocked, id=9192, stack(0x0000000007380000,0x0000000007480000)]
  0x000000000600d000 JavaThread "Finalizer" daemon [_thread_blocked, id=9940, stack(0x0000000007230000,0x0000000007330000)]
  0x0000000006005800 JavaThread "Reference Handler" daemon [_thread_blocked, id=17836, stack(0x0000000007110000,0x0000000007210000)]
  0x000000000250f000 JavaThread "main" [_thread_in_native, id=12260, stack(0x00000000027c0000,0x00000000028c0000)]

Other Threads:
  0x0000000005fbe000 VMThread [stack: 0x0000000006f20000,0x0000000007020000] [id=15948]
  0x0000000056eea000 WatcherThread [stack: 0x0000000057260000,0x0000000057360000] [id=16716]

VM state:not at safepoint (normal execution)

VM Mutex/Monitor currently owned by a thread: None

heap address: 0x00000000c4e00000, size: 946 MB, Compressed Oops mode: 32-bit
Narrow klass base: 0x0000000000000000, Narrow klass shift: 0
Compressed class space size: 1073741824 Address: 0x0000000016e20000

Heap:
 PSYoungGen      total 66048K, used 44576K [0x00000000ec500000, 0x00000000f0d00000, 0x0000000100000000)
  eden space 59904K, 64% used [0x00000000ec500000,0x00000000eeadced0,0x00000000eff80000)
  from space 6144K, 94% used [0x00000000f0600000,0x00000000f0bab450,0x00000000f0c00000)
  to   space 6656K, 0% used [0x00000000eff80000,0x00000000eff80000,0x00000000f0600000)
 ParOldGen       total 40960K, used 8634K [0x00000000c4e00000, 0x00000000c7600000, 0x00000000ec500000)
  object space 40960K, 21% used [0x00000000c4e00000,0x00000000c566eb08,0x00000000c7600000)
 Metaspace       used 16978K, capacity 17470K, committed 17792K, reserved 1064960K
  class space    used 2008K, capacity 2136K, committed 2176K, reserved 1048576K

Card table byte_map: [0x0000000002d80000,0x0000000002f60000] byte_map_base: 0x0000000002759000

Marking Bits: (ParMarkBitMap*) 0x0000000007d93ce0
 Begin Bits: [0x00000000036c0000, 0x0000000004588000)
 End Bits:   [0x0000000004588000, 0x0000000005450000)

Polling page: 0x0000000000130000

CodeCache: size=245760Kb used=10236Kb max_used=10247Kb free=235524Kb
 bounds [0x0000000007e20000, 0x0000000008830000, 0x0000000016e20000]
 total_blobs=3330 nmethods=2980 adapters=262
 compilation: enabled

Compilation events (10 events):
Event: 24.514 Thread 0x0000000056e72000 nmethod 3071 0x0000000008824b10 code [0x0000000008824d40, 0x0000000008825c08]
Event: 24.514 Thread 0x0000000056e72000 3072       3       sun.reflect.generics.parser.SignatureParser::parseTypeArguments (109 bytes)
Event: 24.515 Thread 0x0000000056e68000 nmethod 3074 0x0000000008823190 code [0x00000000088232e0, 0x0000000008823558]
Event: 24.515 Thread 0x0000000056e72000 nmethod 3072 0x0000000008827bd0 code [0x0000000008827e80, 0x0000000008828f68]
Event: 24.984 Thread 0x0000000056e72000 3075   !   3       java.util.jar.Attributes::read (380 bytes)
Event: 24.984 Thread 0x0000000056e68000 3076       4       sun.misc.ASCIICaseInsensitiveComparator::lowerCaseHashCode (36 bytes)
Event: 24.989 Thread 0x0000000056e68000 nmethod 3076 0x000000000881f6d0 code [0x000000000881f820, 0x000000000881fab8]
Event: 25.005 Thread 0x0000000056e72000 nmethod 3075 0x0000000008829790 code [0x0000000008829be0, 0x000000000882c128]
Event: 25.115 Thread 0x0000000056e68000 3077       4       java.util.jar.Attributes$Name::isValid (45 bytes)
Event: 25.127 Thread 0x0000000056e68000 nmethod 3077 0x0000000008820750 code [0x00000000088208a0, 0x0000000008820bd8]

GC Heap History (10 events):
Event: 6.149 GC heap before
{Heap before GC invocations=4 (full 0):
 PSYoungGen      total 17920K, used 17912K [0x00000000ec500000, 0x00000000ed900000, 0x0000000100000000)
  eden space 15360K, 100% used [0x00000000ec500000,0x00000000ed400000,0x00000000ed400000)
  from space 2560K, 99% used [0x00000000ed400000,0x00000000ed67e030,0x00000000ed680000)
  to   space 2560K, 0% used [0x00000000ed680000,0x00000000ed680000,0x00000000ed900000)
 ParOldGen       total 40960K, used 2555K [0x00000000c4e00000, 0x00000000c7600000, 0x00000000ec500000)
  object space 40960K, 6% used [0x00000000c4e00000,0x00000000c507ed98,0x00000000c7600000)
 Metaspace       used 11009K, capacity 11242K, committed 11520K, reserved 1058816K
  class space    used 1374K, capacity 1447K, committed 1536K, reserved 1048576K
Event: 6.185 GC heap after
Heap after GC invocations=4 (full 0):
 PSYoungGen      total 17920K, used 2536K [0x00000000ec500000, 0x00000000ee800000, 0x0000000100000000)
  eden space 15360K, 0% used [0x00000000ec500000,0x00000000ec500000,0x00000000ed400000)
  from space 2560K, 99% used [0x00000000ed680000,0x00000000ed8fa040,0x00000000ed900000)
  to   space 2560K, 0% used [0x00000000ed400000,0x00000000ed400000,0x00000000ed680000)
 ParOldGen       total 40960K, used 4652K [0x00000000c4e00000, 0x00000000c7600000, 0x00000000ec500000)
  object space 40960K, 11% used [0x00000000c4e00000,0x00000000c528b2b8,0x00000000c7600000)
 Metaspace       used 11009K, capacity 11242K, committed 11520K, reserved 1058816K
  class space    used 1374K, capacity 1447K, committed 1536K, reserved 1048576K
}
Event: 7.534 GC heap before
{Heap before GC invocations=5 (full 0):
 PSYoungGen      total 17920K, used 17896K [0x00000000ec500000, 0x00000000ee800000, 0x0000000100000000)
  eden space 15360K, 100% used [0x00000000ec500000,0x00000000ed400000,0x00000000ed400000)
  from space 2560K, 99% used [0x00000000ed680000,0x00000000ed8fa040,0x00000000ed900000)
  to   space 2560K, 0% used [0x00000000ed400000,0x00000000ed400000,0x00000000ed680000)
 ParOldGen       total 40960K, used 4652K [0x00000000c4e00000, 0x00000000c7600000, 0x00000000ec500000)
  object space 40960K, 11% used [0x00000000c4e00000,0x00000000c528b2b8,0x00000000c7600000)
 Metaspace       used 12801K, capacity 13120K, committed 13312K, reserved 1060864K
  class space    used 1630K, capacity 1706K, committed 1792K, reserved 1048576K
Event: 7.550 GC heap after
Heap after GC invocations=5 (full 0):
 PSYoungGen      total 17920K, used 2537K [0x00000000ec500000, 0x00000000eee00000, 0x0000000100000000)
  eden space 15360K, 0% used [0x00000000ec500000,0x00000000ec500000,0x00000000ed400000)
  from space 2560K, 99% used [0x00000000ed400000,0x00000000ed67a4c0,0x00000000ed680000)
  to   space 5632K, 0% used [0x00000000ee880000,0x00000000ee880000,0x00000000eee00000)
 ParOldGen       total 40960K, used 7025K [0x00000000c4e00000, 0x00000000c7600000, 0x00000000ec500000)
  object space 40960K, 17% used [0x00000000c4e00000,0x00000000c54dc5f8,0x00000000c7600000)
 Metaspace       used 12801K, capacity 13120K, committed 13312K, reserved 1060864K
  class space    used 1630K, capacity 1706K, committed 1792K, reserved 1048576K
}
Event: 10.127 GC heap before
{Heap before GC invocations=6 (full 0):
 PSYoungGen      total 17920K, used 17897K [0x00000000ec500000, 0x00000000eee00000, 0x0000000100000000)
  eden space 15360K, 100% used [0x00000000ec500000,0x00000000ed400000,0x00000000ed400000)
  from space 2560K, 99% used [0x00000000ed400000,0x00000000ed67a4c0,0x00000000ed680000)
  to   space 5632K, 0% used [0x00000000ee880000,0x00000000ee880000,0x00000000eee00000)
 ParOldGen       total 40960K, used 7025K [0x00000000c4e00000, 0x00000000c7600000, 0x00000000ec500000)
  object space 40960K, 17% used [0x00000000c4e00000,0x00000000c54dc5f8,0x00000000c7600000)
 Metaspace       used 14864K, capacity 15190K, committed 15360K, reserved 1062912K
  class space    used 1839K, capacity 1939K, committed 2048K, reserved 1048576K
Event: 10.173 GC heap after
Heap after GC invocations=6 (full 0):
 PSYoungGen      total 35840K, used 4827K [0x00000000ec500000, 0x00000000eef00000, 0x0000000100000000)
  eden space 30208K, 0% used [0x00000000ec500000,0x00000000ec500000,0x00000000ee280000)
  from space 5632K, 85% used [0x00000000ee880000,0x00000000eed36d30,0x00000000eee00000)
  to   space 6144K, 0% used [0x00000000ee280000,0x00000000ee280000,0x00000000ee880000)
 ParOldGen       total 40960K, used 7025K [0x00000000c4e00000, 0x00000000c7600000, 0x00000000ec500000)
  object space 40960K, 17% used [0x00000000c4e00000,0x00000000c54dc5f8,0x00000000c7600000)
 Metaspace       used 14864K, capacity 15190K, committed 15360K, reserved 1062912K
  class space    used 1839K, capacity 1939K, committed 2048K, reserved 1048576K
}
Event: 17.490 GC heap before
{Heap before GC invocations=7 (full 0):
 PSYoungGen      total 35840K, used 35035K [0x00000000ec500000, 0x00000000eef00000, 0x0000000100000000)
  eden space 30208K, 100% used [0x00000000ec500000,0x00000000ee280000,0x00000000ee280000)
  from space 5632K, 85% used [0x00000000ee880000,0x00000000eed36d30,0x00000000eee00000)
  to   space 6144K, 0% used [0x00000000ee280000,0x00000000ee280000,0x00000000ee880000)
 ParOldGen       total 40960K, used 7025K [0x00000000c4e00000, 0x00000000c7600000, 0x00000000ec500000)
  object space 40960K, 17% used [0x00000000c4e00000,0x00000000c54dc5f8,0x00000000c7600000)
 Metaspace       used 15726K, capacity 16102K, committed 16384K, reserved 1062912K
  class space    used 1923K, capacity 2047K, committed 2048K, reserved 1048576K
Event: 17.512 GC heap after
Heap after GC invocations=7 (full 0):
 PSYoungGen      total 36352K, used 5447K [0x00000000ec500000, 0x00000000f0c00000, 0x0000000100000000)
  eden space 30208K, 0% used [0x00000000ec500000,0x00000000ec500000,0x00000000ee280000)
  from space 6144K, 88% used [0x00000000ee280000,0x00000000ee7d1c90,0x00000000ee880000)
  to   space 6144K, 0% used [0x00000000f0600000,0x00000000f0600000,0x00000000f0c00000)
 ParOldGen       total 40960K, used 7849K [0x00000000c4e00000, 0x00000000c7600000, 0x00000000ec500000)
  object space 40960K, 19% used [0x00000000c4e00000,0x00000000c55aa678,0x00000000c7600000)
 Metaspace       used 15726K, capacity 16102K, committed 16384K, reserved 1062912K
  class space    used 1923K, capacity 2047K, committed 2048K, reserved 1048576K
}
Event: 21.278 GC heap before
{Heap before GC invocations=8 (full 0):
 PSYoungGen      total 36352K, used 35655K [0x00000000ec500000, 0x00000000f0c00000, 0x0000000100000000)
  eden space 30208K, 100% used [0x00000000ec500000,0x00000000ee280000,0x00000000ee280000)
  from space 6144K, 88% used [0x00000000ee280000,0x00000000ee7d1c90,0x00000000ee880000)
  to   space 6144K, 0% used [0x00000000f0600000,0x00000000f0600000,0x00000000f0c00000)
 ParOldGen       total 40960K, used 7849K [0x00000000c4e00000, 0x00000000c7600000, 0x00000000ec500000)
  object space 40960K, 19% used [0x00000000c4e00000,0x00000000c55aa678,0x00000000c7600000)
 Metaspace       used 16318K, capacity 16732K, committed 17024K, reserved 1064960K
  class space    used 1968K, capacity 2088K, committed 2176K, reserved 1048576K
Event: 21.294 GC heap after
Heap after GC invocations=8 (full 0):
 PSYoungGen      total 66048K, used 5805K [0x00000000ec500000, 0x00000000f0d00000, 0x0000000100000000)
  eden space 59904K, 0% used [0x00000000ec500000,0x00000000ec500000,0x00000000eff80000)
  from space 6144K, 94% used [0x00000000f0600000,0x00000000f0bab450,0x00000000f0c00000)
  to   space 6656K, 0% used [0x00000000eff80000,0x00000000eff80000,0x00000000f0600000)
 ParOldGen       total 40960K, used 8634K [0x00000000c4e00000, 0x00000000c7600000, 0x00000000ec500000)
  object space 40960K, 21% used [0x00000000c4e00000,0x00000000c566eb08,0x00000000c7600000)
 Metaspace       used 16318K, capacity 16732K, committed 17024K, reserved 1064960K
  class space    used 1968K, capacity 2088K, committed 2176K, reserved 1048576K
}

Deoptimization events (10 events):
Event: 13.223 Thread 0x000000000250f000 Uncommon trap: reason=class_check action=maybe_recompile pc=0x0000000008334160 method=java.util.concurrent.ConcurrentHashMap.get(Ljava/lang/Object;)Ljava/lang/Object; @ 149
Event: 17.025 Thread 0x000000000250f000 Uncommon trap: reason=bimorphic action=maybe_recompile pc=0x00000000083b3bbc method=java.util.regex.Pattern$CharProperty.match(Ljava/util/regex/Matcher;ILjava/lang/CharSequence;)Z @ 37
Event: 19.283 Thread 0x000000000250f000 Uncommon trap: reason=unstable_if action=reinterpret pc=0x000000000839128c method=java.util.LinkedHashMap.afterNodeInsertion(Z)V @ 18
Event: 20.838 Thread 0x000000000250f000 Uncommon trap: reason=unstable_if action=reinterpret pc=0x00000000085d4b94 method=org.eclipse.sisu.plexus.RealmFilteredBeans$FilteredItr.hasNext()Z @ 44
Event: 21.110 Thread 0x000000000250f000 Uncommon trap: reason=bimorphic action=maybe_recompile pc=0x00000000083b3bbc method=java.util.regex.Pattern$CharProperty.match(Ljava/util/regex/Matcher;ILjava/lang/CharSequence;)Z @ 37
Event: 21.132 Thread 0x000000000250f000 Uncommon trap: reason=unstable_if action=reinterpret pc=0x0000000008638fac method=com.google.inject.internal.InjectorImpl.callInContext(Lcom/google/inject/internal/ContextualCallable;)Ljava/lang/Object; @ 161
Event: 21.668 Thread 0x000000000250f000 Uncommon trap: reason=bimorphic action=maybe_recompile pc=0x00000000083b3bbc method=java.util.regex.Pattern$CharProperty.match(Ljava/util/regex/Matcher;ILjava/lang/CharSequence;)Z @ 37
Event: 22.098 Thread 0x000000000250f000 Uncommon trap: reason=unstable_if action=reinterpret pc=0x00000000087625e4 method=org.apache.maven.model.merge.ModelMerger.mergePlugin_GroupId(Lorg/apache/maven/model/Plugin;Lorg/apache/maven/model/Plugin;ZLjava/util/Map;)V @ 12
Event: 22.657 Thread 0x000000000250f000 Uncommon trap: reason=unstable_if action=reinterpret pc=0x00000000085374d4 method=org.codehaus.plexus.util.xml.pull.MXParser.parseAttribute()C @ 1002
Event: 22.747 Thread 0x000000000250f000 Uncommon trap: reason=unstable_if action=reinterpret pc=0x00000000086dd434 method=java.lang.String.regionMatches(ZILjava/lang/String;II)Z @ 25

Classes redefined (0 events):
No events

Internal exceptions (10 events):
Event: 5.244 Thread 0x000000000250f000 Exception <a 'java/lang/ArrayIndexOutOfBoundsException': 73> (0x00000000ec97b580) thrown at [C:\workspace\8-2-build-windows-amd64-cygwin\jdk8u192\11897\hotspot\src\share\vm\interpreter\interpreterRuntime.cpp, line 368]
Event: 5.245 Thread 0x000000000250f000 Exception <a 'java/lang/ArrayIndexOutOfBoundsException': 131> (0x00000000ec97cf28) thrown at [C:\workspace\8-2-build-windows-amd64-cygwin\jdk8u192\11897\hotspot\src\share\vm\interpreter\interpreterRuntime.cpp, line 368]
Event: 7.117 Thread 0x000000000250f000 Exception <a 'java/lang/NoClassDefFoundError': com/google/inject/servlet/ServletModuleTargetVisitor> (0x00000000ed260e80) thrown at [C:\workspace\8-2-build-windows-amd64-cygwin\jdk8u192\11897\hotspot\src\share\vm\classfile\systemDictionary.cpp, line 199]
Event: 7.117 Thread 0x000000000250f000 Exception <a 'java/lang/NoClassDefFoundError'> (0x00000000ed260e80) thrown at [C:\workspace\8-2-build-windows-amd64-cygwin\jdk8u192\11897\hotspot\src\share\vm\prims\jvm.cpp, line 1439]
Event: 7.117 Thread 0x000000000250f000 Exception <a 'java/lang/NoClassDefFoundError': javax/annotation/Priority> (0x00000000ed265ee8) thrown at [C:\workspace\8-2-build-windows-amd64-cygwin\jdk8u192\11897\hotspot\src\share\vm\classfile\systemDictionary.cpp, line 199]
Event: 8.086 Thread 0x000000000250f000 Implicit null exception at 0x0000000007fcc10b to 0x0000000007fcc2b5
Event: 9.945 Thread 0x000000000250f000 Implicit null exception at 0x00000000080c5985 to 0x00000000080c5b59
Event: 9.945 Thread 0x000000000250f000 Implicit null exception at 0x00000000081881ef to 0x0000000008188255
Event: 10.102 Thread 0x000000000250f000 Implicit null exception at 0x000000000836b7e7 to 0x000000000836ba31
Event: 21.132 Thread 0x000000000250f000 Implicit null exception at 0x0000000008637e25 to 0x0000000008638f91

Events (10 events):
Event: 24.497 loading class org/apache/maven/plugins/war/WarInPlaceMojo
Event: 24.497 loading class org/apache/maven/plugins/war/WarInPlaceMojo done
Event: 24.498 loading class org/apache/maven/plugin/Mojo
Event: 24.498 loading class org/apache/maven/plugin/Mojo done
Event: 24.498 loading class org/apache/maven/plugin/Mojo
Event: 24.498 loading class org/apache/maven/plugin/Mojo done
Event: 24.498 loading class org/apache/maven/plugins/war/WarMojo
Event: 24.498 loading class org/apache/maven/plugins/war/WarMojo done
Event: 24.498 loading class org/apache/maven/plugins/war/WarMojo
Event: 24.498 loading class org/apache/maven/plugins/war/WarMojo done


Dynamic libraries:
0x000000013fb30000 - 0x000000013fb67000 	D:\Program Files\Java\jdk1.8.0_192\bin\java.exe
0x0000000077980000 - 0x0000000077b1f000 	C:\windows\SYSTEM32\ntdll.dll
0x0000000077860000 - 0x000000007797f000 	C:\windows\system32\kernel32.dll
0x000007fefd4f0000 - 0x000007fefd55a000 	C:\windows\system32\KERNELBASE.dll
0x000007feff9b0000 - 0x000007feffa8b000 	C:\windows\system32\ADVAPI32.dll
0x000007feff400000 - 0x000007feff49f000 	C:\windows\system32\msvcrt.dll
0x000007fefda50000 - 0x000007fefda6f000 	C:\windows\SYSTEM32\sechost.dll
0x000007fefe4c0000 - 0x000007fefe5ed000 	C:\windows\system32\RPCRT4.dll
0x0000000077760000 - 0x000000007785a000 	C:\windows\system32\USER32.dll
0x000007feffc00000 - 0x000007feffc67000 	C:\windows\system32\GDI32.dll
0x000007feff4a0000 - 0x000007feff4ae000 	C:\windows\system32\LPK.dll
0x000007feffa90000 - 0x000007feffb5b000 	C:\windows\system32\USP10.dll
0x000007fefbe30000 - 0x000007fefc024000 	C:\windows\WinSxS\amd64_microsoft.windows.common-controls_6595b64144ccf1df_6.0.7601.18837_none_fa3b1e3d17594757\COMCTL32.dll
0x000007feff930000 - 0x000007feff9a1000 	C:\windows\system32\SHLWAPI.dll
0x000007feff900000 - 0x000007feff92e000 	C:\windows\system32\IMM32.DLL
0x000007fefdaf0000 - 0x000007fefdbf9000 	C:\windows\system32\MSCTF.dll
0x0000000063000000 - 0x00000000630d1000 	D:\Program Files\Java\jdk1.8.0_192\jre\bin\msvcr100.dll
0x0000000007570000 - 0x0000000007e13000 	D:\Program Files\Java\jdk1.8.0_192\jre\bin\server\jvm.dll
0x000007fef78f0000 - 0x000007fef78f9000 	C:\windows\system32\WSOCK32.dll
0x000007fefd870000 - 0x000007fefd8bd000 	C:\windows\system32\WS2_32.dll
0x000007fefe0d0000 - 0x000007fefe0d8000 	C:\windows\system32\NSI.dll
0x000007fefafa0000 - 0x000007fefafdb000 	C:\windows\system32\WINMM.dll
0x000007fefc510000 - 0x000007fefc51c000 	C:\windows\system32\VERSION.dll
0x0000000077b20000 - 0x0000000077b27000 	C:\windows\system32\PSAPI.DLL
0x000007fef5cb0000 - 0x000007fef5cbf000 	D:\Program Files\Java\jdk1.8.0_192\jre\bin\verify.dll
0x000007feee1c0000 - 0x000007feee1e9000 	D:\Program Files\Java\jdk1.8.0_192\jre\bin\java.dll
0x000007feebd80000 - 0x000007feebda3000 	D:\Program Files\Java\jdk1.8.0_192\jre\bin\instrument.dll
0x000007feee1a0000 - 0x000007feee1b6000 	D:\Program Files\Java\jdk1.8.0_192\jre\bin\zip.dll
0x000007fefe670000 - 0x000007feff3fa000 	C:\windows\system32\SHELL32.dll
0x000007fefe0e0000 - 0x000007fefe2df000 	C:\windows\system32\ole32.dll
0x000007fefd4b0000 - 0x000007fefd4bf000 	C:\windows\system32\profapi.dll
0x000007feedaf0000 - 0x000007feedb0a000 	C:\Users\v_lvjichao\AppData\Local\JetBrains\Toolbox\apps\IDEA-U\ch-0\183.5153.38\bin\breakgen64.dll
0x000007feee180000 - 0x000007feee19a000 	D:\Program Files\Java\jdk1.8.0_192\jre\bin\net.dll
0x000007fefcc80000 - 0x000007fefccd5000 	C:\windows\system32\mswsock.dll
0x000007fefcc70000 - 0x000007fefcc77000 	C:\windows\System32\wship6.dll
0x000007feee140000 - 0x000007feee151000 	D:\Program Files\Java\jdk1.8.0_192\jre\bin\nio.dll

VM Arguments:
jvm_args: -Dmaven.multiModuleProjectDirectory=C:\Users\v_lvjichao\IdeaProjects\hotel -Dmaven.home=C:\Users\v_lvjichao\AppData\Local\JetBrains\Toolbox\apps\IDEA-U\ch-0\183.5153.38\plugins\maven\lib\maven3 -Dclassworlds.conf=C:\Users\v_lvjichao\AppData\Local\JetBrains\Toolbox\apps\IDEA-U\ch-0\183.5153.38\plugins\maven\lib\maven3\bin\m2.conf -javaagent:C:\Users\v_lvjichao\AppData\Local\JetBrains\Toolbox\apps\IDEA-U\ch-0\183.5153.38\lib\idea_rt.jar=49598:C:\Users\v_lvjichao\AppData\Local\JetBrains\Toolbox\apps\IDEA-U\ch-0\183.5153.38\bin -Dfile.encoding=UTF-8 
java_command: org.codehaus.classworlds.Launcher -Didea.version=2018.3.3 package
java_class_path (initial): C:\Users\v_lvjichao\AppData\Local\JetBrains\Toolbox\apps\IDEA-U\ch-0\183.5153.38\plugins\maven\lib\maven3\boot\plexus-classworlds-2.5.2.jar;C:\Users\v_lvjichao\AppData\Local\JetBrains\Toolbox\apps\IDEA-U\ch-0\183.5153.38\lib\idea_rt.jar
Launcher Type: SUN_STANDARD

Environment Variables:
JAVA_HOME=D:\Program Files\Java\jdk-10.0.1
PATH=D:\Program Files\gradle-5.0\bin;D:\Program Files\spring-2.1.1\bin;C:\ProgramData\Boxstarter;C:\Program Files (x86)\Common Files\Oracle\Java\javapath;D:\Program Files\Java\jdk-10.0.1\bin;D:\Program Files\Python\Scripts\;D:\Program Files\Python\;C:\ProgramData\Oracle\Java\javapath;C:\windows\system32;C:\windows;C:\windows\System32\Wbem;C:\windows\System32\WindowsPowerShell\v1.0\;D:\Program Files\apache-maven-3.5.4\bin;D:\Program Files\android-sdk-windows\tools;D:\Program Files\android-sdk-windows\platform-tools;D:\Program Files (x86)\Appium\node_modules\.bin;C:\Program Files\Lenovo\Fingerprint Manager Pro\;D:\Program Files\android-sdk-windows\build-tools\19.1.0;D:\Program Files\apache-ant-1.10.5\bin;C:\Program Files\Intel\WiFi\bin\;C:\Program Files\Common Files\Intel\WirelessCommon\;C:\ProgramData\chocolatey\bin;D:\Program Files\nodejs\;D:\Program Files\Git\cmd;D:\Program Files\apache-tomcat-9.0.14\bin;D:\Program Files\Fiddler;C:\Program Files\Intel\WiFi\bin\;C:\Program Files\Common Files\Intel\WirelessCommon\;C:\Users\v_lvjichao\AppData\Roaming\npm
USERNAME=v_lvjichao
OS=Windows_NT
PROCESSOR_IDENTIFIER=Intel64 Family 6 Model 69 Stepping 1, GenuineIntel



---------------  S Y S T E M  ---------------

OS: Windows 7 , 64 bit Build 7601 (6.1.7601.24291)

CPU:total 4 (initial active 4) (2 cores per cpu, 2 threads per core) family 6 model 69 stepping 1, cmov, cx8, fxsr, mmx, sse, sse2, sse3, ssse3, sse4.1, sse4.2, popcnt, avx, avx2, aes, clmul, erms, rtm, lzcnt, ht, tsc, tscinvbit, bmi1, bmi2

Memory: 4k page, physical 3874624k(81612k free), swap 15496592k(4912k free)

vm_info: Java HotSpot(TM) 64-Bit Server VM (25.192-b12) for windows-amd64 JRE (1.8.0_192-b12), built on Oct  6 2018 17:12:23 by "java_re" with MS VC++ 10.0 (VS2010)

time: Wed Jan 16 18:15:48 2019
timezone: 中国标准时间
elapsed time: 25 seconds (0d 0h 0m 25s)

