#
# There is insufficient memory for the Java Runtime Environment to continue.
# Native memory allocation (malloc) failed to allocate 746976 bytes for Chunk::new
# Possible reasons:
#   The system is out of physical RAM or swap space
#   The process is running with CompressedOops enabled, and the Java Heap may be blocking the growth of the native heap
# Possible solutions:
#   Reduce memory load on the system
#   Increase physical memory or swap space
#   Check if swap backing store is full
#   Decrease Java heap size (-Xmx/-Xms)
#   Decrease number of Java threads
#   Decrease Java thread stack sizes (-Xss)
#   Set larger code cache with -XX:ReservedCodeCacheSize=
#   JVM is running with Unscaled Compressed Oops mode in which the Java heap is
#     placed in the first 4GB address space. The Java Heap base address is the
#     maximum limit for the native heap growth. Please use -XX:HeapBaseMinAddress
#     to set the Java Heap base and to place the Java Heap above 4GB virtual address.
# This output file may be truncated or incomplete.
#
#  Out of Memory Error (allocation.cpp:390), pid=13604, tid=0x00000000000029bc
#
# JRE version: Java(TM) SE Runtime Environment (8.0_192-b12) (build 1.8.0_192-b12)
# Java VM: Java HotSpot(TM) 64-Bit Server VM (25.192-b12 mixed mode windows-amd64 compressed oops)
# Failed to write core dump. Minidumps are not enabled by default on client versions of Windows
#

---------------  T H R E A D  ---------------

Current thread (0x0000000056e66800):  JavaThread "C2 CompilerThread0" daemon [_thread_in_native, id=10684, stack(0x00000000577a0000,0x00000000578a0000)]

Stack: [0x00000000577a0000,0x00000000578a0000]
[error occurred during error reporting (printing stack bounds), id 0xc0000005]

Native frames: (J=compiled Java code, j=interpreted, Vv=VM code, C=native code)


Current CompileTask:
C2:  25937 3167       4       java.net.URLClassLoader$1::run (5 bytes)


---------------  P R O C E S S  ---------------

Java Threads: ( => current thread )
  0x0000000056ece000 JavaThread "Service Thread" daemon [_thread_blocked, id=8648, stack(0x0000000006f40000,0x0000000007040000)]
  0x0000000056ec8800 JavaThread "C1 CompilerThread2" daemon [_thread_blocked, id=16692, stack(0x00000000073d0000,0x00000000074d0000)]
  0x0000000056ebf800 JavaThread "C2 CompilerThread1" daemon [_thread_blocked, id=16848, stack(0x0000000057900000,0x0000000057a00000)]
=>0x0000000056e66800 JavaThread "C2 CompilerThread0" daemon [_thread_in_native, id=10684, stack(0x00000000577a0000,0x00000000578a0000)]
  0x0000000056e59800 JavaThread "Monitor Ctrl-Break" daemon [_thread_in_native, id=7000, stack(0x0000000057630000,0x0000000057730000)]
  0x0000000056e2a800 JavaThread "Attach Listener" daemon [_thread_blocked, id=11328, stack(0x0000000057470000,0x0000000057570000)]
  0x0000000005f12000 JavaThread "Signal Dispatcher" daemon [_thread_blocked, id=11492, stack(0x00000000572f0000,0x00000000573f0000)]
  0x0000000005efd000 JavaThread "Finalizer" daemon [_thread_blocked, id=16936, stack(0x00000000072b0000,0x00000000073b0000)]
  0x0000000005ef5800 JavaThread "Reference Handler" daemon [_thread_blocked, id=1392, stack(0x0000000007180000,0x0000000007280000)]
  0x00000000023df000 JavaThread "main" [_thread_in_native, id=12524, stack(0x0000000002680000,0x0000000002780000)]

Other Threads:
  0x0000000005eae000 VMThread [stack: 0x0000000007050000,0x0000000007150000] [id=11288]
  0x0000000056ed3800 WatcherThread [stack: 0x0000000057cb0000,0x0000000057db0000] [id=16992]

VM state:not at safepoint (normal execution)

VM Mutex/Monitor currently owned by a thread: None

heap address: 0x00000000c4e00000, size: 946 MB, Compressed Oops mode: 32-bit
Narrow klass base: 0x0000000000000000, Narrow klass shift: 0
Compressed class space size: 1073741824 Address: 0x0000000016e20000

Heap:
 PSYoungGen      total 69120K, used 22073K [0x00000000ec500000, 0x00000000f4e00000, 0x0000000100000000)
  eden space 61440K, 23% used [0x00000000ec500000,0x00000000ed3490e0,0x00000000f0100000)
  from space 7680K, 96% used [0x00000000f0100000,0x00000000f08456c0,0x00000000f0880000)
  to   space 8704K, 0% used [0x00000000f4580000,0x00000000f4580000,0x00000000f4e00000)
 ParOldGen       total 40960K, used 11099K [0x00000000c4e00000, 0x00000000c7600000, 0x00000000ec500000)
  object space 40960K, 27% used [0x00000000c4e00000,0x00000000c58d6db8,0x00000000c7600000)
 Metaspace       used 17755K, capacity 18334K, committed 18432K, reserved 1067008K
  class space    used 2123K, capacity 2304K, committed 2304K, reserved 1048576K

Card table byte_map: [0x0000000002c60000,0x0000000002e40000] byte_map_base: 0x0000000002639000

Marking Bits: (ParMarkBitMap*) 0x0000000007d93ce0
 Begin Bits: [0x00000000035b0000, 0x0000000004478000)
 End Bits:   [0x0000000004478000, 0x0000000005340000)

Polling page: 0x0000000000230000

CodeCache: size=245760Kb used=10063Kb max_used=10080Kb free=235696Kb
 bounds [0x0000000007e20000, 0x0000000008810000, 0x0000000016e20000]
 total_blobs=3298 nmethods=2946 adapters=264
 compilation: enabled

Compilation events (10 events):
Event: 25.875 Thread 0x0000000056ec8800 nmethod 3171 0x000000000804bd10 code [0x000000000804be80, 0x000000000804c0b0]
Event: 25.875 Thread 0x0000000056ec8800 3172       3       org.eclipse.sisu.space.asm.ClassWriter::put (152 bytes)
Event: 25.875 Thread 0x0000000056ec8800 nmethod 3172 0x00000000081b6150 code [0x00000000081b6320, 0x00000000081b6a30]
Event: 25.876 Thread 0x0000000056ebf800 nmethod 3170 0x00000000081b54d0 code [0x00000000081b5660, 0x00000000081b5a28]
Event: 25.883 Thread 0x0000000056ec8800 3173       3       org.eclipse.sisu.space.asm.ClassWriter::newUTF8 (70 bytes)
Event: 25.883 Thread 0x0000000056ec8800 nmethod 3173 0x000000000804b3d0 code [0x000000000804b580, 0x000000000804ba98]
Event: 25.888 Thread 0x0000000056ec8800 3174       3       java.net.URLClassLoader::isSealed (70 bytes)
Event: 25.889 Thread 0x0000000056ec8800 nmethod 3174 0x000000000837ccd0 code [0x000000000837cf00, 0x000000000837dba8]
Event: 25.893 Thread 0x0000000056ec8800 3175       3       org.eclipse.sisu.wire.ElementAnalyzer::visit (140 bytes)
Event: 25.894 Thread 0x0000000056ec8800 nmethod 3175 0x000000000837b950 code [0x000000000837bb80, 0x000000000837c8a8]

GC Heap History (10 events):
Event: 5.626 GC heap before
{Heap before GC invocations=3 (full 0):
 PSYoungGen      total 17920K, used 17911K [0x00000000ec500000, 0x00000000ee800000, 0x0000000100000000)
  eden space 15360K, 100% used [0x00000000ec500000,0x00000000ed400000,0x00000000ed400000)
  from space 2560K, 99% used [0x00000000ed680000,0x00000000ed8fde20,0x00000000ed900000)
  to   space 2560K, 0% used [0x00000000ed400000,0x00000000ed400000,0x00000000ed680000)
 ParOldGen       total 40960K, used 1504K [0x00000000c4e00000, 0x00000000c7600000, 0x00000000ec500000)
  object space 40960K, 3% used [0x00000000c4e00000,0x00000000c4f783e8,0x00000000c7600000)
 Metaspace       used 9324K, capacity 9514K, committed 9728K, reserved 1058816K
  class space    used 1158K, capacity 1215K, committed 1280K, reserved 1048576K
Event: 5.634 GC heap after
Heap after GC invocations=3 (full 0):
 PSYoungGen      total 17920K, used 2552K [0x00000000ec500000, 0x00000000ee800000, 0x0000000100000000)
  eden space 15360K, 0% used [0x00000000ec500000,0x00000000ec500000,0x00000000ed400000)
  from space 2560K, 99% used [0x00000000ed400000,0x00000000ed67e030,0x00000000ed680000)
  to   space 2560K, 0% used [0x00000000ee580000,0x00000000ee580000,0x00000000ee800000)
 ParOldGen       total 40960K, used 3059K [0x00000000c4e00000, 0x00000000c7600000, 0x00000000ec500000)
  object space 40960K, 7% used [0x00000000c4e00000,0x00000000c50fcd50,0x00000000c7600000)
 Metaspace       used 9324K, capacity 9514K, committed 9728K, reserved 1058816K
  class space    used 1158K, capacity 1215K, committed 1280K, reserved 1048576K
}
Event: 6.215 GC heap before
{Heap before GC invocations=4 (full 0):
 PSYoungGen      total 17920K, used 17912K [0x00000000ec500000, 0x00000000ee800000, 0x0000000100000000)
  eden space 15360K, 100% used [0x00000000ec500000,0x00000000ed400000,0x00000000ed400000)
  from space 2560K, 99% used [0x00000000ed400000,0x00000000ed67e030,0x00000000ed680000)
  to   space 2560K, 0% used [0x00000000ee580000,0x00000000ee580000,0x00000000ee800000)
 ParOldGen       total 40960K, used 3059K [0x00000000c4e00000, 0x00000000c7600000, 0x00000000ec500000)
  object space 40960K, 7% used [0x00000000c4e00000,0x00000000c50fcd50,0x00000000c7600000)
 Metaspace       used 11137K, capacity 11386K, committed 11520K, reserved 1058816K
  class space    used 1390K, capacity 1479K, committed 1536K, reserved 1048576K
Event: 6.246 GC heap after
Heap after GC invocations=4 (full 0):
 PSYoungGen      total 33280K, used 2552K [0x00000000ec500000, 0x00000000ee800000, 0x0000000100000000)
  eden space 30720K, 0% used [0x00000000ec500000,0x00000000ec500000,0x00000000ee300000)
  from space 2560K, 99% used [0x00000000ee580000,0x00000000ee7fe030,0x00000000ee800000)
  to   space 2560K, 0% used [0x00000000ee300000,0x00000000ee300000,0x00000000ee580000)
 ParOldGen       total 40960K, used 5318K [0x00000000c4e00000, 0x00000000c7600000, 0x00000000ec500000)
  object space 40960K, 12% used [0x00000000c4e00000,0x00000000c5331818,0x00000000c7600000)
 Metaspace       used 11137K, capacity 11386K, committed 11520K, reserved 1058816K
  class space    used 1390K, capacity 1479K, committed 1536K, reserved 1048576K
}
Event: 10.180 GC heap before
{Heap before GC invocations=5 (full 0):
 PSYoungGen      total 33280K, used 33272K [0x00000000ec500000, 0x00000000ee800000, 0x0000000100000000)
  eden space 30720K, 100% used [0x00000000ec500000,0x00000000ee300000,0x00000000ee300000)
  from space 2560K, 99% used [0x00000000ee580000,0x00000000ee7fe030,0x00000000ee800000)
  to   space 2560K, 0% used [0x00000000ee300000,0x00000000ee300000,0x00000000ee580000)
 ParOldGen       total 40960K, used 5318K [0x00000000c4e00000, 0x00000000c7600000, 0x00000000ec500000)
  object space 40960K, 12% used [0x00000000c4e00000,0x00000000c5331818,0x00000000c7600000)
 Metaspace       used 14977K, capacity 15302K, committed 15616K, reserved 1062912K
  class space    used 1846K, capacity 1939K, committed 2048K, reserved 1048576K
Event: 10.245 GC heap after
Heap after GC invocations=5 (full 0):
 PSYoungGen      total 33280K, used 2552K [0x00000000ec500000, 0x00000000f1000000, 0x0000000100000000)
  eden space 30720K, 0% used [0x00000000ec500000,0x00000000ec500000,0x00000000ee300000)
  from space 2560K, 99% used [0x00000000ee300000,0x00000000ee57e030,0x00000000ee580000)
  to   space 7680K, 0% used [0x00000000f0880000,0x00000000f0880000,0x00000000f1000000)
 ParOldGen       total 40960K, used 10142K [0x00000000c4e00000, 0x00000000c7600000, 0x00000000ec500000)
  object space 40960K, 24% used [0x00000000c4e00000,0x00000000c57e79f0,0x00000000c7600000)
 Metaspace       used 14977K, capacity 15302K, committed 15616K, reserved 1062912K
  class space    used 1846K, capacity 1939K, committed 2048K, reserved 1048576K
}
Event: 17.158 GC heap before
{Heap before GC invocations=6 (full 0):
 PSYoungGen      total 33280K, used 33272K [0x00000000ec500000, 0x00000000f1000000, 0x0000000100000000)
  eden space 30720K, 100% used [0x00000000ec500000,0x00000000ee300000,0x00000000ee300000)
  from space 2560K, 99% used [0x00000000ee300000,0x00000000ee57e030,0x00000000ee580000)
  to   space 7680K, 0% used [0x00000000f0880000,0x00000000f0880000,0x00000000f1000000)
 ParOldGen       total 40960K, used 10142K [0x00000000c4e00000, 0x00000000c7600000, 0x00000000ec500000)
  object space 40960K, 24% used [0x00000000c4e00000,0x00000000c57e79f0,0x00000000c7600000)
 Metaspace       used 15896K, capacity 16214K, committed 16384K, reserved 1062912K
  class space    used 1943K, capacity 2047K, committed 2048K, reserved 1048576K
Event: 17.174 GC heap after
Heap after GC invocations=6 (full 0):
 PSYoungGen      total 69120K, used 5292K [0x00000000ec500000, 0x00000000f1000000, 0x0000000100000000)
  eden space 61440K, 0% used [0x00000000ec500000,0x00000000ec500000,0x00000000f0100000)
  from space 7680K, 68% used [0x00000000f0880000,0x00000000f0dab068,0x00000000f1000000)
  to   space 7680K, 0% used [0x00000000f0100000,0x00000000f0100000,0x00000000f0880000)
 ParOldGen       total 40960K, used 10150K [0x00000000c4e00000, 0x00000000c7600000, 0x00000000ec500000)
  object space 40960K, 24% used [0x00000000c4e00000,0x00000000c57e99f0,0x00000000c7600000)
 Metaspace       used 15896K, capacity 16214K, committed 16384K, reserved 1062912K
  class space    used 1943K, capacity 2047K, committed 2048K, reserved 1048576K
}
Event: 23.072 GC heap before
{Heap before GC invocations=7 (full 0):
 PSYoungGen      total 69120K, used 66732K [0x00000000ec500000, 0x00000000f1000000, 0x0000000100000000)
  eden space 61440K, 100% used [0x00000000ec500000,0x00000000f0100000,0x00000000f0100000)
  from space 7680K, 68% used [0x00000000f0880000,0x00000000f0dab068,0x00000000f1000000)
  to   space 7680K, 0% used [0x00000000f0100000,0x00000000f0100000,0x00000000f0880000)
 ParOldGen       total 40960K, used 10150K [0x00000000c4e00000, 0x00000000c7600000, 0x00000000ec500000)
  object space 40960K, 24% used [0x00000000c4e00000,0x00000000c57e99f0,0x00000000c7600000)
 Metaspace       used 16908K, capacity 17314K, committed 17536K, reserved 1064960K
  class space    used 2007K, capacity 2128K, committed 2176K, reserved 1048576K
Event: 23.123 GC heap after
Heap after GC invocations=7 (full 0):
 PSYoungGen      total 69120K, used 7445K [0x00000000ec500000, 0x00000000f4e00000, 0x0000000100000000)
  eden space 61440K, 0% used [0x00000000ec500000,0x00000000ec500000,0x00000000f0100000)
  from space 7680K, 96% used [0x00000000f0100000,0x00000000f08456c0,0x00000000f0880000)
  to   space 8704K, 0% used [0x00000000f4580000,0x00000000f4580000,0x00000000f4e00000)
 ParOldGen       total 40960K, used 11099K [0x00000000c4e00000, 0x00000000c7600000, 0x00000000ec500000)
  object space 40960K, 27% used [0x00000000c4e00000,0x00000000c58d6db8,0x00000000c7600000)
 Metaspace       used 16908K, capacity 17314K, committed 17536K, reserved 1064960K
  class space    used 2007K, capacity 2128K, committed 2176K, reserved 1048576K
}

Deoptimization events (10 events):
Event: 20.841 Thread 0x00000000023df000 Uncommon trap: reason=unstable_if action=reinterpret pc=0x0000000008530e18 method=org.eclipse.sisu.plexus.RealmFilteredBeans$FilteredItr.hasNext()Z @ 44
Event: 21.084 Thread 0x00000000023df000 Uncommon trap: reason=bimorphic action=maybe_recompile pc=0x00000000083ba6fc method=java.util.regex.Pattern$CharProperty.match(Ljava/util/regex/Matcher;ILjava/lang/CharSequence;)Z @ 37
Event: 21.095 Thread 0x00000000023df000 Uncommon trap: reason=unstable_if action=reinterpret pc=0x00000000080af5ac method=com.google.inject.internal.InjectorImpl.callInContext(Lcom/google/inject/internal/ContextualCallable;)Ljava/lang/Object; @ 161
Event: 21.679 Thread 0x00000000023df000 Uncommon trap: reason=bimorphic action=maybe_recompile pc=0x00000000083ba6fc method=java.util.regex.Pattern$CharProperty.match(Ljava/util/regex/Matcher;ILjava/lang/CharSequence;)Z @ 37
Event: 22.097 Thread 0x00000000023df000 Uncommon trap: reason=unstable_if action=reinterpret pc=0x000000000871f2a4 method=org.apache.maven.model.merge.ModelMerger.mergePlugin_GroupId(Lorg/apache/maven/model/Plugin;Lorg/apache/maven/model/Plugin;ZLjava/util/Map;)V @ 12
Event: 22.857 Thread 0x00000000023df000 Uncommon trap: reason=unstable_if action=reinterpret pc=0x00000000085414dc method=org.codehaus.plexus.util.xml.pull.MXParser.parseAttribute()C @ 1002
Event: 22.939 Thread 0x00000000023df000 Uncommon trap: reason=unstable_if action=reinterpret pc=0x000000000868ad74 method=java.lang.String.regionMatches(ZILjava/lang/String;II)Z @ 25
Event: 24.385 Thread 0x00000000023df000 Uncommon trap: reason=unstable_if action=reinterpret pc=0x00000000085b562c method=java.nio.charset.CharsetDecoder.decode(Ljava/nio/ByteBuffer;Ljava/nio/CharBuffer;Z)Ljava/nio/charset/CoderResult; @ 1
Event: 25.202 Thread 0x00000000023df000 Uncommon trap: reason=unstable_if action=reinterpret pc=0x00000000080836dc method=java.util.jar.Attributes$Name.isAlpha(C)Z @ 21
Event: 25.541 Thread 0x00000000023df000 Uncommon trap: reason=unstable_if action=reinterpret pc=0x0000000007fe9084 method=sun.misc.URLClassPath$JarLoader.getResource(Ljava/lang/String;Z)Lsun/misc/Resource; @ 62

Classes redefined (0 events):
No events

Internal exceptions (10 events):
Event: 5.102 Thread 0x00000000023df000 Exception <a 'java/lang/ArrayIndexOutOfBoundsException': 73> (0x00000000ec8da680) thrown at [C:\workspace\8-2-build-windows-amd64-cygwin\jdk8u192\11897\hotspot\src\share\vm\interpreter\interpreterRuntime.cpp, line 368]
Event: 5.102 Thread 0x00000000023df000 Exception <a 'java/lang/ArrayIndexOutOfBoundsException': 131> (0x00000000ec8dc028) thrown at [C:\workspace\8-2-build-windows-amd64-cygwin\jdk8u192\11897\hotspot\src\share\vm\interpreter\interpreterRuntime.cpp, line 368]
Event: 7.122 Thread 0x00000000023df000 Exception <a 'java/lang/NoClassDefFoundError': com/google/inject/servlet/ServletModuleTargetVisitor> (0x00000000ed1e3d18) thrown at [C:\workspace\8-2-build-windows-amd64-cygwin\jdk8u192\11897\hotspot\src\share\vm\classfile\systemDictionary.cpp, line 199]
Event: 7.122 Thread 0x00000000023df000 Exception <a 'java/lang/NoClassDefFoundError'> (0x00000000ed1e3d18) thrown at [C:\workspace\8-2-build-windows-amd64-cygwin\jdk8u192\11897\hotspot\src\share\vm\prims\jvm.cpp, line 1439]
Event: 7.123 Thread 0x00000000023df000 Exception <a 'java/lang/NoClassDefFoundError': javax/annotation/Priority> (0x00000000ed1e8d80) thrown at [C:\workspace\8-2-build-windows-amd64-cygwin\jdk8u192\11897\hotspot\src\share\vm\classfile\systemDictionary.cpp, line 199]
Event: 8.123 Thread 0x00000000023df000 Implicit null exception at 0x0000000007fbf80b to 0x0000000007fbf9b5
Event: 9.902 Thread 0x00000000023df000 Implicit null exception at 0x00000000080eab85 to 0x00000000080ead59
Event: 9.902 Thread 0x00000000023df000 Implicit null exception at 0x0000000008154b6f to 0x0000000008154bd5
Event: 10.120 Thread 0x00000000023df000 Implicit null exception at 0x0000000008392727 to 0x0000000008392971
Event: 21.095 Thread 0x00000000023df000 Implicit null exception at 0x00000000080ae429 to 0x00000000080af591

Events (10 events):
Event: 25.904 loading class org/codehaus/plexus/archiver/zip/ZipUnArchiver$__sisu7 done
Event: 25.905 loading class org/codehaus/plexus/archiver/tar/TarArchiver
Event: 25.905 loading class org/codehaus/plexus/archiver/tar/TarArchiver done
Event: 25.905 loading class org/codehaus/plexus/archiver/tar/TarArchiver
Event: 25.905 loading class org/codehaus/plexus/archiver/tar/TarArchiver done
Event: 25.906 loading class org/apache/commons/compress/archivers/tar/TarArchiveOutputStream
Event: 25.906 loading class org/apache/commons/compress/archivers/tar/TarArchiveOutputStream done
Event: 25.906 loading class org/apache/commons/compress/archivers/tar/TarArchiveOutputStream
Event: 25.906 loading class org/apache/commons/compress/archivers/tar/TarArchiveOutputStream done
Event: 25.906 loading class java/util/zip/GZIPOutputStream


Dynamic libraries:
0x000000013fb30000 - 0x000000013fb67000 	D:\Program Files\Java\jdk1.8.0_192\bin\java.exe
0x0000000077980000 - 0x0000000077b1f000 	C:\windows\SYSTEM32\ntdll.dll
0x0000000077860000 - 0x000000007797f000 	C:\windows\system32\kernel32.dll
0x000007fefd4f0000 - 0x000007fefd55a000 	C:\windows\system32\KERNELBASE.dll
0x000007feff9b0000 - 0x000007feffa8b000 	C:\windows\system32\ADVAPI32.dll
0x000007feff400000 - 0x000007feff49f000 	C:\windows\system32\msvcrt.dll
0x000007fefda50000 - 0x000007fefda6f000 	C:\windows\SYSTEM32\sechost.dll
0x000007fefe4c0000 - 0x000007fefe5ed000 	C:\windows\system32\RPCRT4.dll
0x0000000077760000 - 0x000000007785a000 	C:\windows\system32\USER32.dll
0x000007feffc00000 - 0x000007feffc67000 	C:\windows\system32\GDI32.dll
0x000007feff4a0000 - 0x000007feff4ae000 	C:\windows\system32\LPK.dll
0x000007feffa90000 - 0x000007feffb5b000 	C:\windows\system32\USP10.dll
0x000007fefbe30000 - 0x000007fefc024000 	C:\windows\WinSxS\amd64_microsoft.windows.common-controls_6595b64144ccf1df_6.0.7601.18837_none_fa3b1e3d17594757\COMCTL32.dll
0x000007feff930000 - 0x000007feff9a1000 	C:\windows\system32\SHLWAPI.dll
0x000007feff900000 - 0x000007feff92e000 	C:\windows\system32\IMM32.DLL
0x000007fefdaf0000 - 0x000007fefdbf9000 	C:\windows\system32\MSCTF.dll
0x0000000063000000 - 0x00000000630d1000 	D:\Program Files\Java\jdk1.8.0_192\jre\bin\msvcr100.dll
0x0000000007570000 - 0x0000000007e13000 	D:\Program Files\Java\jdk1.8.0_192\jre\bin\server\jvm.dll
0x000007fef78f0000 - 0x000007fef78f9000 	C:\windows\system32\WSOCK32.dll
0x000007fefd870000 - 0x000007fefd8bd000 	C:\windows\system32\WS2_32.dll
0x000007fefe0d0000 - 0x000007fefe0d8000 	C:\windows\system32\NSI.dll
0x000007fefafa0000 - 0x000007fefafdb000 	C:\windows\system32\WINMM.dll
0x000007fefc510000 - 0x000007fefc51c000 	C:\windows\system32\VERSION.dll
0x0000000077b20000 - 0x0000000077b27000 	C:\windows\system32\PSAPI.DLL
0x000007fef5cb0000 - 0x000007fef5cbf000 	D:\Program Files\Java\jdk1.8.0_192\jre\bin\verify.dll
0x000007feee1c0000 - 0x000007feee1e9000 	D:\Program Files\Java\jdk1.8.0_192\jre\bin\java.dll
0x000007feebd80000 - 0x000007feebda3000 	D:\Program Files\Java\jdk1.8.0_192\jre\bin\instrument.dll
0x000007feee1a0000 - 0x000007feee1b6000 	D:\Program Files\Java\jdk1.8.0_192\jre\bin\zip.dll
0x000007fefe670000 - 0x000007feff3fa000 	C:\windows\system32\SHELL32.dll
0x000007fefe0e0000 - 0x000007fefe2df000 	C:\windows\system32\ole32.dll
0x000007fefd4b0000 - 0x000007fefd4bf000 	C:\windows\system32\profapi.dll
0x000007feedaf0000 - 0x000007feedb0a000 	C:\Users\v_lvjichao\AppData\Local\JetBrains\Toolbox\apps\IDEA-U\ch-0\183.5153.38\bin\breakgen64.dll
0x000007feee180000 - 0x000007feee19a000 	D:\Program Files\Java\jdk1.8.0_192\jre\bin\net.dll
0x000007fefcc80000 - 0x000007fefccd5000 	C:\windows\system32\mswsock.dll
0x000007fefcc70000 - 0x000007fefcc77000 	C:\windows\System32\wship6.dll
0x000007feee140000 - 0x000007feee151000 	D:\Program Files\Java\jdk1.8.0_192\jre\bin\nio.dll

VM Arguments:
jvm_args: -Dmaven.multiModuleProjectDirectory=C:\Users\v_lvjichao\IdeaProjects\hotel -Dmaven.home=C:\Users\v_lvjichao\AppData\Local\JetBrains\Toolbox\apps\IDEA-U\ch-0\183.5153.38\plugins\maven\lib\maven3 -Dclassworlds.conf=C:\Users\v_lvjichao\AppData\Local\JetBrains\Toolbox\apps\IDEA-U\ch-0\183.5153.38\plugins\maven\lib\maven3\bin\m2.conf -javaagent:C:\Users\v_lvjichao\AppData\Local\JetBrains\Toolbox\apps\IDEA-U\ch-0\183.5153.38\lib\idea_rt.jar=49600:C:\Users\v_lvjichao\AppData\Local\JetBrains\Toolbox\apps\IDEA-U\ch-0\183.5153.38\bin -Dfile.encoding=UTF-8 
java_command: org.codehaus.classworlds.Launcher -Didea.version=2018.3.3 package
java_class_path (initial): C:\Users\v_lvjichao\AppData\Local\JetBrains\Toolbox\apps\IDEA-U\ch-0\183.5153.38\plugins\maven\lib\maven3\boot\plexus-classworlds-2.5.2.jar;C:\Users\v_lvjichao\AppData\Local\JetBrains\Toolbox\apps\IDEA-U\ch-0\183.5153.38\lib\idea_rt.jar
Launcher Type: SUN_STANDARD

Environment Variables:
JAVA_HOME=D:\Program Files\Java\jdk-10.0.1
PATH=D:\Program Files\gradle-5.0\bin;D:\Program Files\spring-2.1.1\bin;C:\ProgramData\Boxstarter;C:\Program Files (x86)\Common Files\Oracle\Java\javapath;D:\Program Files\Java\jdk-10.0.1\bin;D:\Program Files\Python\Scripts\;D:\Program Files\Python\;C:\ProgramData\Oracle\Java\javapath;C:\windows\system32;C:\windows;C:\windows\System32\Wbem;C:\windows\System32\WindowsPowerShell\v1.0\;D:\Program Files\apache-maven-3.5.4\bin;D:\Program Files\android-sdk-windows\tools;D:\Program Files\android-sdk-windows\platform-tools;D:\Program Files (x86)\Appium\node_modules\.bin;C:\Program Files\Lenovo\Fingerprint Manager Pro\;D:\Program Files\android-sdk-windows\build-tools\19.1.0;D:\Program Files\apache-ant-1.10.5\bin;C:\Program Files\Intel\WiFi\bin\;C:\Program Files\Common Files\Intel\WirelessCommon\;C:\ProgramData\chocolatey\bin;D:\Program Files\nodejs\;D:\Program Files\Git\cmd;D:\Program Files\apache-tomcat-9.0.14\bin;D:\Program Files\Fiddler;C:\Program Files\Intel\WiFi\bin\;C:\Program Files\Common Files\Intel\WirelessCommon\;C:\Users\v_lvjichao\AppData\Roaming\npm
USERNAME=v_lvjichao
OS=Windows_NT
PROCESSOR_IDENTIFIER=Intel64 Family 6 Model 69 Stepping 1, GenuineIntel



---------------  S Y S T E M  ---------------

OS: Windows 7 , 64 bit Build 7601 (6.1.7601.24291)

CPU:total 4 (initial active 4) (2 cores per cpu, 2 threads per core) family 6 model 69 stepping 1, cmov, cx8, fxsr, mmx, sse, sse2, sse3, ssse3, sse4.1, sse4.2, popcnt, avx, avx2, aes, clmul, erms, rtm, lzcnt, ht, tsc, tscinvbit, bmi1, bmi2

Memory: 4k page, physical 3874624k(79124k free), swap 15496592k(3040k free)

vm_info: Java HotSpot(TM) 64-Bit Server VM (25.192-b12) for windows-amd64 JRE (1.8.0_192-b12), built on Oct  6 2018 17:12:23 by "java_re" with MS VC++ 10.0 (VS2010)

time: Wed Jan 16 18:15:48 2019
timezone: 中国标准时间
elapsed time: 25 seconds (0d 0h 0m 25s)

